\BOOKMARK [1][-]{section.1}{Introduction}{}% 1
\BOOKMARK [1][-]{section.2}{Stakeholders}{}% 2
\BOOKMARK [1][-]{section.3}{Research into similar problems and their solutions}{}% 3
\BOOKMARK [1][-]{section.4}{Limitations of my solution}{}% 4
\BOOKMARK [1][-]{section.5}{Applicable features for a computational solution}{}% 5
\BOOKMARK [1][-]{section.6}{Minimum Required Hardware and Software configuration}{}% 6
\BOOKMARK [1][-]{section.7}{Success Criteria}{}% 7
\BOOKMARK [2][-]{subsection.7.1}{Success Criteria for the device setup}{section.7}% 8
\BOOKMARK [2][-]{subsection.7.2}{Success Criteria to ensure the enforcement of chosen programming constructs}{section.7}% 9
\BOOKMARK [2][-]{subsection.7.3}{Success Criteria for the solution}{section.7}% 10
\BOOKMARK [1][-]{section.8}{Design of the solution}{}% 11
\BOOKMARK [2][-]{subsection.8.1}{Decomposition of the problem and application to the solution}{section.8}% 12
\BOOKMARK [3][-]{subsubsection.8.1.1}{The non-web areas of the solution}{subsection.8.1}% 13
\BOOKMARK [3][-]{subsubsection.8.1.2}{The web side of the solution}{subsection.8.1}% 14
\BOOKMARK [3][-]{subsubsection.8.1.3}{Identifying key variables, objects, and data structures}{subsection.8.1}% 15
\BOOKMARK [2][-]{subsection.8.2}{Describing the testing methodology}{section.8}% 16
\BOOKMARK [3][-]{subsubsection.8.2.1}{Testing the setup of the device}{subsection.8.2}% 17
\BOOKMARK [3][-]{subsubsection.8.2.2}{Testing the solution}{subsection.8.2}% 18
\BOOKMARK [3][-]{subsubsection.8.2.3}{Final Testing}{subsection.8.2}% 19
\BOOKMARK [1][-]{section.9}{The Iterative Development Process}{}% 20
\BOOKMARK [2][-]{subsection.9.1}{Setting up the Raspberry Pi}{section.9}% 21
\BOOKMARK [2][-]{subsection.9.2}{Getting a working video feed with OpenCV, face detection}{section.9}% 22
\BOOKMARK [3][-]{subsubsection.9.2.1}{Development of code}{subsection.9.2}% 23
\BOOKMARK [3][-]{subsubsection.9.2.2}{Amendments}{subsection.9.2}% 24
\BOOKMARK [2][-]{subsection.9.3}{Constructing code to take snapshots of faces in the viewport etc...}{section.9}% 25
\BOOKMARK [3][-]{subsubsection.9.3.1}{Development of code}{subsection.9.3}% 26
\BOOKMARK [1][-]{section.10}{Evaluation}{}% 27
\BOOKMARK [2][-]{subsection.10.1}{Describing the final product}{section.10}% 28
\BOOKMARK [2][-]{subsection.10.2}{Testing the product against our final criteria}{section.10}% 29
\BOOKMARK [2][-]{subsection.10.3}{Success of the solution}{section.10}% 30
\BOOKMARK [2][-]{subsection.10.4}{Problems I encountered and what I would do in the future}{section.10}% 31
\BOOKMARK [1][-]{subsection.10.4}{Bibliography}{}% 32
