This is pdfTeX, Version 3.14159265-2.6-1.40.21 (MiKTeX 20.7) (preloaded format=pdflatex 2020.9.21)  16 OCT 2020 11:57
entering extended mode
**./document.tex
(document.tex
LaTeX2e <2020-02-02> patch level 5
L3 programming layer <2020-09-03>
(C:\Users\vi19DCall\AppData\Local\Programs\MiKTeX\tex/latex/base\article.cls
Document Class: article 2019/12/20 v1.4l Standard LaTeX document class
(C:\Users\vi19DCall\AppData\Local\Programs\MiKTeX\tex/latex/base\size10.clo
File: size10.clo 2019/12/20 v1.4l Standard LaTeX file (size option)
)
\c@part=\count168
\c@section=\count169
\c@subsection=\count170
\c@subsubsection=\count171
\c@paragraph=\count172
\c@subparagraph=\count173
\c@figure=\count174
\c@table=\count175
\abovecaptionskip=\skip47
\belowcaptionskip=\skip48
\bibindent=\dimen134
)
(C:\Users\vi19DCall\AppData\Local\Programs\MiKTeX\tex/latex/fancyhdr\fancyhdr.s
ty
Package: fancyhdr 2019/01/31 v3.10 Extensive control of page headers and footer
s
\f@nch@headwidth=\skip49
\f@nch@O@elh=\skip50
\f@nch@O@erh=\skip51
\f@nch@O@olh=\skip52
\f@nch@O@orh=\skip53
\f@nch@O@elf=\skip54
\f@nch@O@erf=\skip55
\f@nch@O@olf=\skip56
\f@nch@O@orf=\skip57
)
(C:\Users\vi19DCall\AppData\Local\Programs\MiKTeX\tex/latex/geometry\geometry.s
ty
Package: geometry 2020/01/02 v5.9 Page Geometry

(C:\Users\vi19DCall\AppData\Local\Programs\MiKTeX\tex/latex/graphics\keyval.sty
Package: keyval 2014/10/28 v1.15 key=value parser (DPC)
\KV@toks@=\toks15
)
(C:\Users\vi19DCall\AppData\Local\Programs\MiKTeX\tex/generic/iftex\ifvtex.sty
Package: ifvtex 2019/10/25 v1.7 ifvtex legacy package. Use iftex instead.

(C:\Users\vi19DCall\AppData\Local\Programs\MiKTeX\tex/generic/iftex\iftex.sty
Package: iftex 2020/03/06 v1.0d TeX engine tests
))
\Gm@cnth=\count176
\Gm@cntv=\count177
\c@Gm@tempcnt=\count178
\Gm@bindingoffset=\dimen135
\Gm@wd@mp=\dimen136
\Gm@odd@mp=\dimen137
\Gm@even@mp=\dimen138
\Gm@layoutwidth=\dimen139
\Gm@layoutheight=\dimen140
\Gm@layouthoffset=\dimen141
\Gm@layoutvoffset=\dimen142
\Gm@dimlist=\toks16

(C:\Users\vi19DCall\AppData\Local\Programs\MiKTeX\tex/latex/geometry\geometry.c
fg))
(C:\Users\vi19DCall\AppData\Local\Programs\MiKTeX\tex/latex/xcolor\xcolor.sty
Package: xcolor 2016/05/11 v2.12 LaTeX color extensions (UK)

(C:\Users\vi19DCall\AppData\Local\Programs\MiKTeX\tex/latex/graphics-cfg\color.
cfg
File: color.cfg 2016/01/02 v1.6 sample color configuration
)
Package xcolor Info: Driver file: pdftex.def on input line 225.

(C:\Users\vi19DCall\AppData\Local\Programs\MiKTeX\tex/latex/graphics-def\pdftex
.def
File: pdftex.def 2020/08/26 v1.2 Graphics/color driver for pdftex
)
(C:\Users\vi19DCall\AppData\Local\Programs\MiKTeX\tex/latex/colortbl\colortbl.s
ty
Package: colortbl 2020/01/04 v1.0e Color table columns (DPC)
 (C:\Users\vi19DCall\AppData\Local\Programs\MiKTeX\tex/latex/tools\array.sty
Package: array 2019/08/31 v2.4l Tabular extension package (FMi)
\col@sep=\dimen143
\ar@mcellbox=\box45
\extrarowheight=\dimen144
\NC@list=\toks17
\extratabsurround=\skip58
\backup@length=\skip59
\ar@cellbox=\box46
)
\everycr=\toks18
\minrowclearance=\skip60
)
\rownum=\count179
Package xcolor Info: Model `cmy' substituted by `cmy0' on input line 1348.
Package xcolor Info: Model `hsb' substituted by `rgb' on input line 1352.
Package xcolor Info: Model `RGB' extended on input line 1364.
Package xcolor Info: Model `HTML' substituted by `rgb' on input line 1366.
Package xcolor Info: Model `Hsb' substituted by `hsb' on input line 1367.
Package xcolor Info: Model `tHsb' substituted by `hsb' on input line 1368.
Package xcolor Info: Model `HSB' substituted by `hsb' on input line 1369.
Package xcolor Info: Model `Gray' substituted by `gray' on input line 1370.
Package xcolor Info: Model `wave' substituted by `hsb' on input line 1371.
)
(C:\Users\vi19DCall\AppData\Local\Programs\MiKTeX\tex/latex/footmisc\footmisc.s
ty
Package: footmisc 2011/06/06 v5.5b a miscellany of footnote facilities
\FN@temptoken=\toks19
\footnotemargin=\dimen145
\c@pp@next@reset=\count180
Package footmisc Info: Declaring symbol style bringhurst on input line 855.
Package footmisc Info: Declaring symbol style chicago on input line 863.
Package footmisc Info: Declaring symbol style wiley on input line 872.
Package footmisc Info: Declaring symbol style lamport-robust on input line 883.

Package footmisc Info: Declaring symbol style lamport* on input line 903.
Package footmisc Info: Declaring symbol style lamport*-robust on input line 924
.
)
(C:\Users\vi19DCall\AppData\Local\Programs\MiKTeX\tex/latex/amsfonts\amssymb.st
y
Package: amssymb 2013/01/14 v3.01 AMS font symbols

(C:\Users\vi19DCall\AppData\Local\Programs\MiKTeX\tex/latex/amsfonts\amsfonts.s
ty
Package: amsfonts 2013/01/14 v3.01 Basic AMSFonts support
\@emptytoks=\toks20
\symAMSa=\mathgroup4
\symAMSb=\mathgroup5
LaTeX Font Info:    Redeclaring math symbol \hbar on input line 98.
LaTeX Font Info:    Overwriting math alphabet `\mathfrak' in version `bold'
(Font)                  U/euf/m/n --> U/euf/b/n on input line 106.
)) (C:\Users\vi19DCall\AppData\Local\Programs\MiKTeX\tex/latex/url\url.sty
\Urlmuskip=\muskip16
Package: url 2013/09/16  ver 3.4  Verb mode for urls, etc.
)
(C:\Users\vi19DCall\AppData\Local\Programs\MiKTeX\tex/latex/mathtools\mathtools
.sty
Package: mathtools 2020/03/24 v1.24 mathematical typesetting tools
 (C:\Users\vi19DCall\AppData\Local\Programs\MiKTeX\tex/latex/tools\calc.sty
Package: calc 2017/05/25 v4.3 Infix arithmetic (KKT,FJ)
\calc@Acount=\count181
\calc@Bcount=\count182
\calc@Adimen=\dimen146
\calc@Bdimen=\dimen147
\calc@Askip=\skip61
\calc@Bskip=\skip62
LaTeX Info: Redefining \setlength on input line 80.
LaTeX Info: Redefining \addtolength on input line 81.
\calc@Ccount=\count183
\calc@Cskip=\skip63
)
(C:\Users\vi19DCall\AppData\Local\Programs\MiKTeX\tex/latex/mathtools\mhsetup.s
ty
Package: mhsetup 2017/03/31 v1.3 programming setup (MH)
)
(C:\Users\vi19DCall\AppData\Local\Programs\MiKTeX\tex/latex/amsmath\amsmath.sty
Package: amsmath 2020/01/20 v2.17e AMS math features
\@mathmargin=\skip64
For additional information on amsmath, use the `?' option.

(C:\Users\vi19DCall\AppData\Local\Programs\MiKTeX\tex/latex/amsmath\amstext.sty
Package: amstext 2000/06/29 v2.01 AMS text
(C:\Users\vi19DCall\AppData\Local\Programs\MiKTeX\tex/latex/amsmath\amsgen.sty
File: amsgen.sty 1999/11/30 v2.0 generic functions
\@emptytoks=\toks21
\ex@=\dimen148
))
(C:\Users\vi19DCall\AppData\Local\Programs\MiKTeX\tex/latex/amsmath\amsbsy.sty
Package: amsbsy 1999/11/29 v1.2d Bold Symbols
\pmbraise@=\dimen149
) (C:\Users\vi19DCall\AppData\Local\Programs\MiKTeX\tex/latex/amsmath\amsopn.st
y
Package: amsopn 2016/03/08 v2.02 operator names
)
\inf@bad=\count184
LaTeX Info: Redefining \frac on input line 227.
\uproot@=\count185
\leftroot@=\count186
LaTeX Info: Redefining \overline on input line 389.
\classnum@=\count187
\DOTSCASE@=\count188
LaTeX Info: Redefining \ldots on input line 486.
LaTeX Info: Redefining \dots on input line 489.
LaTeX Info: Redefining \cdots on input line 610.
\Mathstrutbox@=\box47
\strutbox@=\box48
\big@size=\dimen150
LaTeX Font Info:    Redeclaring font encoding OML on input line 733.
LaTeX Font Info:    Redeclaring font encoding OMS on input line 734.
\macc@depth=\count189
\c@MaxMatrixCols=\count190
\dotsspace@=\muskip17
\c@parentequation=\count191
\dspbrk@lvl=\count192
\tag@help=\toks22
\row@=\count193
\column@=\count194
\maxfields@=\count195
\andhelp@=\toks23
\eqnshift@=\dimen151
\alignsep@=\dimen152
\tagshift@=\dimen153
\tagwidth@=\dimen154
\totwidth@=\dimen155
\lineht@=\dimen156
\@envbody=\toks24
\multlinegap=\skip65
\multlinetaggap=\skip66
\mathdisplay@stack=\toks25
LaTeX Info: Redefining \[ on input line 2859.
LaTeX Info: Redefining \] on input line 2860.
)
LaTeX Info: Thecontrolsequence`\('isalreadyrobust on input line 130.
LaTeX Info: Thecontrolsequence`\)'isalreadyrobust on input line 130.
LaTeX Info: Thecontrolsequence`\['isalreadyrobust on input line 130.
LaTeX Info: Thecontrolsequence`\]'isalreadyrobust on input line 130.
\g_MT_multlinerow_int=\count196
\l_MT_multwidth_dim=\dimen157
\origjot=\skip67
\l_MT_shortvdotswithinadjustabove_dim=\dimen158
\l_MT_shortvdotswithinadjustbelow_dim=\dimen159
\l_MT_above_intertext_sep=\dimen160
\l_MT_below_intertext_sep=\dimen161
\l_MT_above_shortintertext_sep=\dimen162
\l_MT_below_shortintertext_sep=\dimen163
\xmathstrut@box=\box49
\xmathstrut@dim=\dimen164
)
(C:\Users\vi19DCall\AppData\Local\Programs\MiKTeX\tex/latex/booktabs\booktabs.s
ty
Package: booktabs 2020/01/12 v1.61803398 Publication quality tables
\heavyrulewidth=\dimen165
\lightrulewidth=\dimen166
\cmidrulewidth=\dimen167
\belowrulesep=\dimen168
\belowbottomsep=\dimen169
\aboverulesep=\dimen170
\abovetopsep=\dimen171
\cmidrulesep=\dimen172
\cmidrulekern=\dimen173
\defaultaddspace=\dimen174
\@cmidla=\count197
\@cmidlb=\count198
\@aboverulesep=\dimen175
\@belowrulesep=\dimen176
\@thisruleclass=\count199
\@lastruleclass=\count266
\@thisrulewidth=\dimen177
)
(C:\Users\vi19DCall\AppData\Local\Programs\MiKTeX\tex/latex/graphics\graphicx.s
ty
Package: graphicx 2019/11/30 v1.2a Enhanced LaTeX Graphics (DPC,SPQR)

(C:\Users\vi19DCall\AppData\Local\Programs\MiKTeX\tex/latex/graphics\graphics.s
ty
Package: graphics 2019/11/30 v1.4a Standard LaTeX Graphics (DPC,SPQR)

(C:\Users\vi19DCall\AppData\Local\Programs\MiKTeX\tex/latex/graphics\trig.sty
Package: trig 2016/01/03 v1.10 sin cos tan (DPC)
)
(C:\Users\vi19DCall\AppData\Local\Programs\MiKTeX\tex/latex/graphics-cfg\graphi
cs.cfg
File: graphics.cfg 2016/06/04 v1.11 sample graphics configuration
)
Package graphics Info: Driver file: pdftex.def on input line 105.
)
\Gin@req@height=\dimen178
\Gin@req@width=\dimen179
)
(C:\Users\vi19DCall\AppData\Local\Programs\MiKTeX\tex/latex/ltablex\ltablex.sty
Package: ltablex 2014/08/13 v1.1 Modified tabularx

(C:\Users\vi19DCall\AppData\Local\Programs\MiKTeX\tex/latex/tools\longtable.sty
Package: longtable 2020/01/07 v4.13 Multi-page Table package (DPC)
\LTleft=\skip68
\LTright=\skip69
\LTpre=\skip70
\LTpost=\skip71
\LTchunksize=\count267
\LTcapwidth=\dimen180
\LT@head=\box50
\LT@firsthead=\box51
\LT@foot=\box52
\LT@lastfoot=\box53
\LT@cols=\count268
\LT@rows=\count269
\c@LT@tables=\count270
\c@LT@chunks=\count271
\LT@p@ftn=\toks26
)
(C:\Users\vi19DCall\AppData\Local\Programs\MiKTeX\tex/latex/tools\tabularx.sty
Package: tabularx 2020/01/15 v2.11c `tabularx' package (DPC)
\TX@col@width=\dimen181
\TX@old@table=\dimen182
\TX@old@col=\dimen183
\TX@target=\dimen184
\TX@delta=\dimen185
\TX@cols=\count272
\TX@ftn=\toks27
)) (C:\Users\vi19DCall\AppData\Local\Programs\MiKTeX\tex/latex/float\float.sty
Package: float 2001/11/08 v1.3d Float enhancements (AL)
\c@float@type=\count273
\float@exts=\toks28
\float@box=\box54
\@float@everytoks=\toks29
\@floatcapt=\box55
)
(C:\Users\vi19DCall\AppData\Local\Programs\MiKTeX\tex/latex/hyperref\hyperref.s
ty
Package: hyperref 2020-05-15 v7.00e Hypertext links for LaTeX

(C:\Users\vi19DCall\AppData\Local\Programs\MiKTeX\tex/generic/ltxcmds\ltxcmds.s
ty
Package: ltxcmds 2019/12/15 v1.24 LaTeX kernel commands for general use (HO)
)
(C:\Users\vi19DCall\AppData\Local\Programs\MiKTeX\tex/generic/pdftexcmds\pdftex
cmds.sty
Package: pdftexcmds 2020-06-27 v0.33 Utility functions of pdfTeX for LuaTeX (HO
)

(C:\Users\vi19DCall\AppData\Local\Programs\MiKTeX\tex/generic/infwarerr\infware
rr.sty
Package: infwarerr 2019/12/03 v1.5 Providing info/warning/error messages (HO)
)
Package pdftexcmds Info: \pdf@primitive is available.
Package pdftexcmds Info: \pdf@ifprimitive is available.
Package pdftexcmds Info: \pdfdraftmode found.
)
(C:\Users\vi19DCall\AppData\Local\Programs\MiKTeX\tex/generic/kvsetkeys\kvsetke
ys.sty
Package: kvsetkeys 2019/12/15 v1.18 Key value parser (HO)
)
(C:\Users\vi19DCall\AppData\Local\Programs\MiKTeX\tex/generic/kvdefinekeys\kvde
finekeys.sty
Package: kvdefinekeys 2019-12-19 v1.6 Define keys (HO)
)
(C:\Users\vi19DCall\AppData\Local\Programs\MiKTeX\tex/generic/pdfescape\pdfesca
pe.sty
Package: pdfescape 2019/12/09 v1.15 Implements pdfTeX's escape features (HO)
)
(C:\Users\vi19DCall\AppData\Local\Programs\MiKTeX\tex/latex/hycolor\hycolor.sty
Package: hycolor 2020-01-27 v1.10 Color options for hyperref/bookmark (HO)
)
(C:\Users\vi19DCall\AppData\Local\Programs\MiKTeX\tex/latex/letltxmacro\letltxm
acro.sty
Package: letltxmacro 2019/12/03 v1.6 Let assignment for LaTeX macros (HO)
)
(C:\Users\vi19DCall\AppData\Local\Programs\MiKTeX\tex/latex/auxhook\auxhook.sty
Package: auxhook 2019-12-17 v1.6 Hooks for auxiliary files (HO)
)
(C:\Users\vi19DCall\AppData\Local\Programs\MiKTeX\tex/latex/kvoptions\kvoptions
.sty
Package: kvoptions 2019/11/29 v3.13 Key value format for package options (HO)
)
\@linkdim=\dimen186
\Hy@linkcounter=\count274
\Hy@pagecounter=\count275

(C:\Users\vi19DCall\AppData\Local\Programs\MiKTeX\tex/latex/hyperref\pd1enc.def
File: pd1enc.def 2020-05-15 v7.00e Hyperref: PDFDocEncoding definition (HO)
Now handling font encoding PD1 ...
... no UTF-8 mapping file for font encoding PD1
)
(C:\Users\vi19DCall\AppData\Local\Programs\MiKTeX\tex/generic/intcalc\intcalc.s
ty
Package: intcalc 2019/12/15 v1.3 Expandable calculations with integers (HO)
)
(C:\Users\vi19DCall\AppData\Local\Programs\MiKTeX\tex/generic/etexcmds\etexcmds
.sty
Package: etexcmds 2019/12/15 v1.7 Avoid name clashes with e-TeX commands (HO)
)
\Hy@SavedSpaceFactor=\count276
Package hyperref Info: Hyper figures OFF on input line 4464.
Package hyperref Info: Link nesting OFF on input line 4469.
Package hyperref Info: Hyper index ON on input line 4472.
Package hyperref Info: Plain pages OFF on input line 4479.
Package hyperref Info: Backreferencing OFF on input line 4484.
Package hyperref Info: Implicit mode ON; LaTeX internals redefined.
Package hyperref Info: Bookmarks ON on input line 4717.
\c@Hy@tempcnt=\count277
LaTeX Info: Redefining \url on input line 5076.
\XeTeXLinkMargin=\dimen187

(C:\Users\vi19DCall\AppData\Local\Programs\MiKTeX\tex/generic/bitset\bitset.sty
Package: bitset 2019/12/09 v1.3 Handle bit-vector datatype (HO)

(C:\Users\vi19DCall\AppData\Local\Programs\MiKTeX\tex/generic/bigintcalc\bigint
calc.sty
Package: bigintcalc 2019/12/15 v1.5 Expandable calculations on big integers (HO
)
))
\Fld@menulength=\count278
\Field@Width=\dimen188
\Fld@charsize=\dimen189
Package hyperref Info: Hyper figures OFF on input line 6347.
Package hyperref Info: Link nesting OFF on input line 6352.
Package hyperref Info: Hyper index ON on input line 6355.
Package hyperref Info: backreferencing OFF on input line 6362.
Package hyperref Info: Link coloring OFF on input line 6367.
Package hyperref Info: Link coloring with OCG OFF on input line 6372.
Package hyperref Info: PDF/A mode OFF on input line 6377.
LaTeX Info: Redefining \ref on input line 6417.
LaTeX Info: Redefining \pageref on input line 6421.

(C:\Users\vi19DCall\AppData\Local\Programs\MiKTeX\tex/generic/atbegshi\atbegshi
.sty
Package: atbegshi 2019/12/05 v1.19 At begin shipout hook (HO)
)
\Hy@abspage=\count279
\c@Item=\count280
\c@Hfootnote=\count281
)
Package hyperref Info: Driver (autodetected): hpdftex.

(C:\Users\vi19DCall\AppData\Local\Programs\MiKTeX\tex/latex/hyperref\hpdftex.de
f
File: hpdftex.def 2020-05-15 v7.00e Hyperref driver for pdfTeX

(C:\Users\vi19DCall\AppData\Local\Programs\MiKTeX\tex/latex/atveryend\atveryend
.sty
Package: atveryend 2019-12-11 v1.11 Hooks at the very end of document (HO)
Package atveryend Info: \enddocument detected (standard20110627).
)
\Fld@listcount=\count282
\c@bookmark@seq@number=\count283

(C:\Users\vi19DCall\AppData\Local\Programs\MiKTeX\tex/latex/rerunfilecheck\reru
nfilecheck.sty
Package: rerunfilecheck 2019/12/05 v1.9 Rerun checks for auxiliary files (HO)

(C:\Users\vi19DCall\AppData\Local\Programs\MiKTeX\tex/generic/uniquecounter\uni
quecounter.sty
Package: uniquecounter 2019/12/15 v1.4 Provide unlimited unique counter (HO)
)
Package uniquecounter Info: New unique counter `rerunfilecheck' on input line 2
86.
)
\Hy@SectionHShift=\skip72
)
(C:\Users\vi19DCall\AppData\Local\Programs\MiKTeX\tex/latex/siunitx\siunitx.sty
(C:\Users\vi19DCall\AppData\Local\Programs\MiKTeX\tex/latex/l3kernel\expl3.sty
Package: expl3 2020-09-03 L3 programming layer (loader) 

(C:\Users\vi19DCall\AppData\Local\Programs\MiKTeX\tex/latex/l3backend\l3backend
-pdftex.def
File: l3backend-pdftex.def 2020-09-01 L3 backend support: PDF output (pdfTeX)
\l__kernel_color_stack_int=\count284
\l__pdf_internal_box=\box56
))
(C:\Users\vi19DCall\AppData\Local\Programs\MiKTeX\tex/latex/l3packages/xparse\x
parse.sty
Package: xparse 2020-05-15 L3 Experimental document command parser

(C:\Users\vi19DCall\AppData\Local\Programs\MiKTeX\tex/latex/l3packages/xparse\x
parse-generic.tex
\l__xparse_current_arg_int=\count285
\g__xparse_grabber_int=\count286
\l__xparse_m_args_int=\count287
\l__xparse_v_nesting_int=\count288
))
Package: siunitx 2020/02/25 v2.8b A comprehensive (SI) units package

(C:\Users\vi19DCall\AppData\Local\Programs\MiKTeX\tex/latex/l3packages/l3keys2e
\l3keys2e.sty
Package: l3keys2e 2020-05-15 LaTeX2e option processing using LaTeX3 keys
)
\l__siunitx_tmp_box=\box57
\l__siunitx_tmp_dim=\dimen190
\l__siunitx_tmp_int=\count289
\l__siunitx_number_mantissa_length_int=\count290
\l__siunitx_number_uncert_length_int=\count291
\l__siunitx_round_int=\count292
\l__siunitx_process_decimal_int=\count293
\l__siunitx_process_uncertainty_int=\count294
\l__siunitx_process_fixed_int=\count295
\l__siunitx_process_integer_min_int=\count296
\l__siunitx_process_precision_int=\count297
\l__siunitx_group_min_int=\count298
\l__siunitx_angle_marker_box=\box58
\l__siunitx_angle_unit_box=\box59
\l__siunitx_angle_marker_dim=\dimen191
\l__siunitx_angle_unit_dim=\dimen192
\l__siunitx_unit_int=\count299
\l__siunitx_unit_denominator_int=\count300
\l__siunitx_unit_numerator_int=\count301
\l__siunitx_unit_prefix_int=\count302
\l__siunitx_unit_prefix_base_int=\count303
\l__siunitx_unit_prefix_gram_int=\count304
\l__siunitx_number_product_int=\count305
\c__siunitx_one_fill_skip=\skip73
\l__siunitx_table_unit_align_skip=\skip74
\l__siunitx_table_exponent_dim=\dimen193
\l__siunitx_table_integer_dim=\dimen194
\l__siunitx_table_mantissa_dim=\dimen195
\l__siunitx_table_marker_dim=\dimen196
\l__siunitx_table_result_dim=\dimen197
\l__siunitx_table_uncert_dim=\dimen198
\l__siunitx_table_fill_pre_dim=\dimen199
\l__siunitx_table_fill_post_dim=\dimen256
\l__siunitx_table_fill_mid_dim=\dimen257
\l__siunitx_table_pre_box=\box60
\l__siunitx_table_post_box=\box61
\l__siunitx_table_mantissa_box=\box62
\l__siunitx_table_result_box=\box63
\l__siunitx_table_number_align_skip=\skip75
\l__siunitx_table_text_align_skip=\skip76

(C:\Users\vi19DCall\AppData\Local\Programs\MiKTeX\tex/latex/translator\translat
or.sty
Package: translator 2020-08-03 v1.12c Easy translation of strings in LaTeX
))
(C:\Users\vi19DCall\AppData\Local\Programs\MiKTeX\tex/latex/caption\caption.sty
Package: caption 2020/09/02 v3.5a Customizing captions (AR)

(C:\Users\vi19DCall\AppData\Local\Programs\MiKTeX\tex/latex/caption\caption3.st
y
Package: caption3 2020/08/30 v2.0 caption3 kernel (AR)
\captionmargin=\dimen258
\captionmargin@=\dimen259
\captionwidth=\dimen260
\caption@tempdima=\dimen261
\caption@indent=\dimen262
\caption@parindent=\dimen263
\caption@hangindent=\dimen264
Package caption Info: Standard document class detected.
)
\c@caption@flags=\count306
\c@continuedfloat=\count307
Package caption Info: float package is loaded.
Package caption Info: hyperref package is loaded.
Package caption Info: longtable package is loaded.

(C:\Users\vi19DCall\AppData\Local\Programs\MiKTeX\tex/latex/caption\ltcaption.s
ty
Package: ltcaption 2020/05/30 v1.4b longtable captions (AR)
)) (C:\Users\vi19DCall\AppData\Local\Programs\MiKTeX\tex/latex/cite\cite.sty
LaTeX Info: Redefining \cite on input line 302.
LaTeX Info: Redefining \nocite on input line 332.
Package: cite 2015/02/27  v 5.5
LaTeX Info: Redefining \cite on input line 441.
)
(C:\Users\vi19DCall\AppData\Local\Programs\MiKTeX\tex/latex/listings\listings.s
ty
\lst@mode=\count308
\lst@gtempboxa=\box64
\lst@token=\toks30
\lst@length=\count309
\lst@currlwidth=\dimen265
\lst@column=\count310
\lst@pos=\count311
\lst@lostspace=\dimen266
\lst@width=\dimen267
\lst@newlines=\count312
\lst@lineno=\count313
\lst@maxwidth=\dimen268

(C:\Users\vi19DCall\AppData\Local\Programs\MiKTeX\tex/latex/listings\lstmisc.st
y
File: lstmisc.sty 2020/03/24 1.8d (Carsten Heinz)
\c@lstnumber=\count314
\lst@skipnumbers=\count315
\lst@framebox=\box65
)
(C:\Users\vi19DCall\AppData\Local\Programs\MiKTeX\tex/latex/listings\listings.c
fg
File: listings.cfg 2020/03/24 1.8d listings configuration
))
Package: listings 2020/03/24 1.8d (Carsten Heinz)

(C:\Users\vi19DCall\AppData\Local\Programs\MiKTeX\tex/latex/easylist\easylist.s
ty
Package: easylist 2014/01/11 v.1.4 Numbered items with a single command.
\el@CounterTotal=\count316
\el@Scratch=\count317
\el@ControlCounter=\count318
\el@CounterLevel=\count319
\c@List1=\count320
\c@List2=\count321
\c@List3=\count322
\c@List4=\count323
\c@List5=\count324
\c@List6=\count325
\c@List7=\count326
\c@List8=\count327
\c@List9=\count328
\c@List10=\count329
\el@ProgressiveDimension=\dimen269
\el@CounterBox=\box66
\el@ControlBox=\box67
\el@TotalMargin=\dimen270
\el@LeftMove=\dimen271
)
(C:\Users\vi19DCall\AppData\Local\Programs\MiKTeX\tex/latex/enumitem\enumitem.s
ty
Package: enumitem 2019/06/20 v3.9 Customized lists
\labelindent=\skip77
\enit@outerparindent=\dimen272
\enit@toks=\toks31
\enit@inbox=\box68
\enit@count@id=\count330
\enitdp@description=\count331
)

LaTeX Warning: Unused global option(s):
    [9pt].

(document.aux)
\openout1 = `document.aux'.

LaTeX Font Info:    Checking defaults for OML/cmm/m/it on input line 67.
LaTeX Font Info:    ... okay on input line 67.
LaTeX Font Info:    Checking defaults for OMS/cmsy/m/n on input line 67.
LaTeX Font Info:    ... okay on input line 67.
LaTeX Font Info:    Checking defaults for OT1/cmr/m/n on input line 67.
LaTeX Font Info:    ... okay on input line 67.
LaTeX Font Info:    Checking defaults for T1/cmr/m/n on input line 67.
LaTeX Font Info:    ... okay on input line 67.
LaTeX Font Info:    Checking defaults for TS1/cmr/m/n on input line 67.
LaTeX Font Info:    ... okay on input line 67.
LaTeX Font Info:    Checking defaults for OMX/cmex/m/n on input line 67.
LaTeX Font Info:    ... okay on input line 67.
LaTeX Font Info:    Checking defaults for U/cmr/m/n on input line 67.
LaTeX Font Info:    ... okay on input line 67.
LaTeX Font Info:    Checking defaults for PD1/pdf/m/n on input line 67.
LaTeX Font Info:    ... okay on input line 67.

*geometry* driver: auto-detecting
*geometry* detected driver: pdftex
*geometry* verbose mode - [ preamble ] result:
* driver: pdftex
* paper: <default>
* layout: <same size as paper>
* layoutoffset:(h,v)=(0.0pt,0.0pt)
* modes: 
* h-part:(L,W,R)=(32.52127pt, 549.25246pt, 32.52127pt)
* v-part:(T,H,B)=(28.90755pt, 729.92744pt, 36.135pt)
* \paperwidth=614.295pt
* \paperheight=794.96999pt
* \textwidth=549.25246pt
* \textheight=729.92744pt
* \oddsidemargin=-39.74872pt
* \evensidemargin=-39.74872pt
* \topmargin=-64.89015pt
* \headheight=12.91663pt
* \headsep=8.61108pt
* \topskip=10.0pt
* \footskip=30.0pt
* \marginparwidth=65.0pt
* \marginparsep=11.0pt
* \columnsep=10.0pt
* \skip\footins=9.0pt plus 4.0pt minus 2.0pt
* \hoffset=0.0pt
* \voffset=0.0pt
* \mag=1000
* \@twocolumnfalse
* \@twosidefalse
* \@mparswitchfalse
* \@reversemarginfalse
* (1in=72.27pt=25.4mm, 1cm=28.453pt)


(C:\Users\vi19DCall\AppData\Local\Programs\MiKTeX\tex/context/base/mkii\supp-pd
f.mkii
[Loading MPS to PDF converter (version 2006.09.02).]
\scratchcounter=\count332
\scratchdimen=\dimen273
\scratchbox=\box69
\nofMPsegments=\count333
\nofMParguments=\count334
\everyMPshowfont=\toks32
\MPscratchCnt=\count335
\MPscratchDim=\dimen274
\MPnumerator=\count336
\makeMPintoPDFobject=\count337
\everyMPtoPDFconversion=\toks33
)
(C:\Users\vi19DCall\AppData\Local\Programs\MiKTeX\tex/latex/epstopdf-pkg\epstop
df-base.sty
Package: epstopdf-base 2020-01-24 v2.11 Base part for package epstopdf
Package epstopdf-base Info: Redefining graphics rule for `.eps' on input line 4
85.
)
\AtBeginShipoutBox=\box70
Package hyperref Info: Link coloring OFF on input line 67.

(C:\Users\vi19DCall\AppData\Local\Programs\MiKTeX\tex/latex/hyperref\nameref.st
y
Package: nameref 2019/09/16 v2.46 Cross-referencing by name of section

(C:\Users\vi19DCall\AppData\Local\Programs\MiKTeX\tex/latex/refcount\refcount.s
ty
Package: refcount 2019/12/15 v3.6 Data extraction from label references (HO)
)
(C:\Users\vi19DCall\AppData\Local\Programs\MiKTeX\tex/generic/gettitlestring\ge
ttitlestring.sty
Package: gettitlestring 2019/12/15 v1.6 Cleanup title references (HO)
)
\c@section@level=\count338
)
LaTeX Info: Redefining \ref on input line 67.
LaTeX Info: Redefining \pageref on input line 67.
LaTeX Info: Redefining \nameref on input line 67.
 (document.out) (document.out)
\@outlinefile=\write3
\openout3 = `document.out'.


(C:\Users\vi19DCall\AppData\Local\Programs\MiKTeX\tex/latex/translator\translat
or-basic-dictionary-English.dict
Dictionary: translator-basic-dictionary, Language: English 
)
(C:\Users\vi19DCall\AppData\Local\Programs\MiKTeX\tex/latex/siunitx\siunitx-abb
reviations.cfg
File: siunitx-abbreviations.cfg 2017/11/26 v2.7k siunitx: Abbreviated units
)
Package caption Info: Begin \AtBeginDocument code.
Package caption Info: listings package is loaded.
Package caption Info: End \AtBeginDocument code.
\c@lstlisting=\count339
LaTeX Font Info:    Trying to load font information for U+msa on input line 67.


(C:\Users\vi19DCall\AppData\Local\Programs\MiKTeX\tex/latex/amsfonts\umsa.fd
File: umsa.fd 2013/01/14 v3.01 AMS symbols A
)
LaTeX Font Info:    Trying to load font information for U+msb on input line 67.


(C:\Users\vi19DCall\AppData\Local\Programs\MiKTeX\tex/latex/amsfonts\umsb.fd
File: umsb.fd 2013/01/14 v3.01 AMS symbols B
)
[1

{C:/Users/vi19DCall/AppData/Local/MiKTeX/pdftex/config/pdftex.map}]
(document.toc)
\tf@toc=\write4
\openout4 = `document.toc'.

pdfTeX warning (ext4): destination with the same identifier (name{page.1}) has 
been already used, duplicate ignored
<to be read again> 
                   \relax 
l.99 \newpage
              [1]
Underfull \hbox (badness 10000) in paragraph at lines 106--111

 []


Underfull \hbox (badness 10000) in paragraph at lines 106--111

 []


Underfull \hbox (badness 10000) in paragraph at lines 106--111

 []


Underfull \hbox (badness 10000) in paragraph at lines 106--111

 []


Underfull \hbox (badness 10000) in paragraph at lines 113--115

 []


LaTeX Warning: Citation `techradarProduct' on page 2 undefined on input line 12
2.


Underfull \hbox (badness 10000) in paragraph at lines 117--124

 []


Underfull \hbox (badness 10000) in paragraph at lines 117--124

 []


Underfull \hbox (badness 10000) in paragraph at lines 117--124

 []


Underfull \hbox (badness 10000) in paragraph at lines 117--124

 []


Underfull \hbox (badness 10000) in paragraph at lines 117--124

 []

[2] [3]
Underfull \hbox (badness 10000) in paragraph at lines 129--136

 []


Underfull \hbox (badness 10000) in paragraph at lines 129--136

 []


Underfull \hbox (badness 10000) in paragraph at lines 129--136

 []


Underfull \hbox (badness 10000) in paragraph at lines 129--136

 []


Underfull \hbox (badness 10000) in paragraph at lines 129--136

 []


Underfull \hbox (badness 10000) in paragraph at lines 138--142

 []


Underfull \hbox (badness 10000) in paragraph at lines 138--142

 []


Underfull \hbox (badness 10000) in paragraph at lines 138--142

 []

[4]
<./figs/raspberryCables.png, id=178, 828.09375pt x 257.46187pt>
File: ./figs/raspberryCables.png Graphic file (type png)
<use ./figs/raspberryCables.png>
Package pdftex.def Info: ./figs/raspberryCables.png  used on input line 154.
(pdftex.def)             Requested size: 325.215pt x 101.11293pt.

Underfull \hbox (badness 10000) in paragraph at lines 144--156

 []


Underfull \hbox (badness 10000) in paragraph at lines 144--156

 []


Underfull \hbox (badness 10000) in paragraph at lines 144--156

 []


Underfull \hbox (badness 10000) in paragraph at lines 144--156

 []


Underfull \hbox (badness 10000) in paragraph at lines 144--156

 []


Underfull \hbox (badness 10000) in paragraph at lines 144--156

 []

[5 <./figs/raspberryCables.png>]
LaTeX Font Info:    Font shape `OT1/cmtt/bx/n' in size <9> not available
(Font)              Font shape `OT1/cmtt/m/n' tried instead on input line 170.
LaTeX Font Info:    Trying to load font information for OMS+cmr on input line 1
86.

(C:\Users\vi19DCall\AppData\Local\Programs\MiKTeX\tex/latex/base\omscmr.fd
File: omscmr.fd 2019/12/16 v2.5j Standard LaTeX font definitions
)
LaTeX Font Info:    Font shape `OMS/cmr/m/n' in size <9> not available
(Font)              Font shape `OMS/cmsy/m/n' tried instead on input line 186.

Overfull \hbox (25.00003pt too wide) in paragraph at lines 184--189
[]
 []


Overfull \hbox (25.00003pt too wide) in paragraph at lines 184--189
[] 
 []

[6] [7] [8]
Underfull \hbox (badness 10000) in paragraph at lines 315--317

 []

[9]
<./figs/designDecomposition.png, id=258, 1270.7475pt x 749.80125pt>
File: ./figs/designDecomposition.png Graphic file (type png)
<use ./figs/designDecomposition.png>
Package pdftex.def Info: ./figs/designDecomposition.png  used on input line 323
.
(pdftex.def)             Requested size: 332.44243pt x 196.15648pt.
<./figs/flowOverview.png, id=260, 1340.00626pt x 778.40813pt>
File: ./figs/flowOverview.png Graphic file (type png)
<use ./figs/flowOverview.png>
Package pdftex.def Info: ./figs/flowOverview.png  used on input line 332.
(pdftex.def)             Requested size: 448.07378pt x 260.28433pt.
 [10 <./figs/designDecomposition.png> <./figs/flowOverview.png>]
<./figs/flowCameraworking.png, id=267, 837.1275pt x 589.4522pt>
File: ./figs/flowCameraworking.png Graphic file (type png)
<use ./figs/flowCameraworking.png>
Package pdftex.def Info: ./figs/flowCameraworking.png  used on input line 349.
(pdftex.def)             Requested size: 289.07999pt x 203.55011pt.
<./figs/haarCascades.png, id=270, 321.2pt x 272.01625pt>
File: ./figs/haarCascades.png Graphic file (type png)
<use ./figs/haarCascades.png>
Package pdftex.def Info: ./figs/haarCascades.png  used on input line 358.
(pdftex.def)             Requested size: 216.81pt x 183.6155pt.

Underfull \hbox (badness 10000) in paragraph at lines 352--360

 []

[11 <./figs/flowCameraworking.png>]
<./figs/lbphRecognition.png, id=290, 303.38344pt x 105.39375pt>
File: ./figs/lbphRecognition.png Graphic file (type png)
<use ./figs/lbphRecognition.png>
Package pdftex.def Info: ./figs/lbphRecognition.png  used on input line 398.
(pdftex.def)             Requested size: 303.38269pt x 105.39348pt.

Underfull \hbox (badness 10000) in paragraph at lines 394--400

 []

[12 <./figs/haarCascades.png>] [13 <./figs/lbphRecognition.png>]
<./figs/facialRecognitionIdentify.png, id=354, 1408.51219pt x 773.89125pt>
File: ./figs/facialRecognitionIdentify.png Graphic file (type png)
<use ./figs/facialRecognitionIdentify.png>
Package pdftex.def Info: ./figs/facialRecognitionIdentify.png  used on input li
ne 443.
(pdftex.def)             Requested size: 339.66878pt x 186.62334pt.
LaTeX Font Info:    Trying to load font information for OMS+cmtt on input line 
471.
LaTeX Font Info:    No file OMScmtt.fd. on input line 471.


LaTeX Font Warning: Font shape `OMS/cmtt/m/n' undefined
(Font)              using `OMS/cmsy/m/n' instead
(Font)              for symbol `textbraceleft' on input line 471.

<./figs/webserverWhole.png, id=357, 998.22937pt x 636.87938pt>
File: ./figs/webserverWhole.png Graphic file (type png)
<use ./figs/webserverWhole.png>
Package pdftex.def Info: ./figs/webserverWhole.png  used on input line 478.
(pdftex.def)             Requested size: 346.89621pt x 221.31737pt.
[14 <./figs/facialRecognitionIdentify.png>]
<./figs/webserverExtended.png, id=391, 986.18437pt x 513.41812pt>
File: ./figs/webserverExtended.png Graphic file (type png)
<use ./figs/webserverExtended.png>
Package pdftex.def Info: ./figs/webserverExtended.png  used on input line 485.
(pdftex.def)             Requested size: 361.34999pt x 188.1207pt.

Underfull \hbox (badness 10000) in paragraph at lines 481--487

 []

<figs/meme.png, id=395, 501.875pt x 704.6325pt>
File: figs/meme.png Graphic file (type png)
<use figs/meme.png>
Package pdftex.def Info: figs/meme.png  used on input line 507.
(pdftex.def)             Requested size: 289.07999pt x 405.89168pt.

Underfull \hbox (badness 10000) in paragraph at lines 501--510

 []

[15 <./figs/webserverWhole.png> <./figs/webserverExtended.png>] [16 <./figs/mem
e.png>]
Underfull \hbox (badness 10000) in paragraph at lines 536--536
[]|\OT1/cmr/m/n/10 The im-ages that come trough
 []


Underfull \hbox (badness 5417) in paragraph at lines 536--536
\OT1/cmr/m/n/10 obj[]stream, not the cam-era it-self
 []


Underfull \hbox (badness 1412) in paragraph at lines 536--536
[]|\OT1/cmr/m/n/10 Validation needed upon data en-try,
 []

[17]
Underfull \hbox (badness 2790) in paragraph at lines 564--564
[]|\OT1/cmr/m/n/10 Ensure that the Pi re-ceives
 []


Underfull \hbox (badness 1297) in paragraph at lines 564--564
[]|\OT1/cmr/m/n/10 We will be ac-cess-ing the Pi
 []


Underfull \hbox (badness 2865) in paragraph at lines 564--564
[]|\OT1/cmr/m/n/10 Ensure that OpenCV is in-
 []


Underfull \hbox (badness 3525) in paragraph at lines 564--564
\OT1/cmr/m/n/10 OpenCV, we must there-fore
 []


Underfull \hbox (badness 10000) in paragraph at lines 568--570

 []

[18]

LaTeX Warning: \verb may be unreliable inside tabularx on input line 608.


Underfull \hbox (badness 4144) in paragraph at lines 608--608
[]|\OT1/cmr/m/n/10 Bounding box drawn around
 []


Underfull \hbox (badness 2409) in paragraph at lines 608--608
\OT1/cmr/m/n/10 are de-tected, whilst all non-
 []


Underfull \hbox (badness 1924) in paragraph at lines 608--608
[]|\OT1/cmr/m/n/10 Running the code that takes
 []


Underfull \hbox (badness 2680) in paragraph at lines 608--608
\OT1/cmr/m/n/10 snap-shots of faces and saves
 []


Underfull \hbox (badness 1248) in paragraph at lines 608--608
[]|\OT1/cmr/m/n/10 The file-names of the cropped
 []


Underfull \hbox (badness 2126) in paragraph at lines 608--608
[]|\OT1/cmr/m/n/10 The num-ber of pho-tos saved
 []


Underfull \hbox (badness 1033) in paragraph at lines 608--608
\OT1/cmr/m/n/10 send a mes-sage to my phone
 []

[19]
Underfull \hbox (badness 6658) in paragraph at lines 625--625
[]|\OT1/cmr/m/n/10 This should start tak-ing pho-tos
 []

[20]
Underfull \hbox (badness 10000) in paragraph at lines 626--627

 []


Underfull \hbox (badness 10000) in paragraph at lines 626--627

 []

[21] [22]
Underfull \hbox (badness 10000) in paragraph at lines 680--685

 []


Underfull \hbox (badness 10000) in paragraph at lines 680--685

 []


Underfull \hbox (badness 10000) in paragraph at lines 680--685

 []

<./figs/flowTesting.png, id=451, 862.72313pt x 450.18187pt>
File: ./figs/flowTesting.png Graphic file (type png)
<use ./figs/flowTesting.png>
Package pdftex.def Info: ./figs/flowTesting.png  used on input line 694.
(pdftex.def)             Requested size: 433.62pt x 226.26501pt.

Underfull \hbox (badness 10000) in paragraph at lines 691--696

 []


Underfull \hbox (badness 10000) in paragraph at lines 691--696

 []

[23 <./figs/flowTesting.png>]
<./figs/raspberryPi.jpg, id=463, 1003.75pt x 679.53876pt>
File: ./figs/raspberryPi.jpg Graphic file (type jpg)
<use ./figs/raspberryPi.jpg>
Package pdftex.def Info: ./figs/raspberryPi.jpg  used on input line 714.
(pdftex.def)             Requested size: 289.07999pt x 195.70287pt.
<./figs/raspberryPiBoot.png, id=469, 663.47874pt x 419.5675pt>
File: ./figs/raspberryPiBoot.png Graphic file (type png)
<use ./figs/raspberryPiBoot.png>
Package pdftex.def Info: ./figs/raspberryPiBoot.png  used on input line 744.
(pdftex.def)             Requested size: 289.07999pt x 182.80487pt.

Underfull \hbox (badness 10000) in paragraph at lines 738--746

 []


Underfull \hbox (badness 10000) in paragraph at lines 738--746

 []

[24 <./figs/raspberryPi.jpg>]

LaTeX Warning: Reference `fig_vncDesktop' on page 25 undefined on input line 74
8.


Underfull \hbox (badness 10000) in paragraph at lines 747--752

 []


Underfull \hbox (badness 10000) in paragraph at lines 747--752

 []


Underfull \hbox (badness 10000) in paragraph at lines 747--752

 []


Underfull \hbox (badness 10000) in paragraph at lines 765--769

 []

[25 <./figs/raspberryPiBoot.png>]
Underfull \hbox (badness 1043) in paragraph at lines 786--786
\OT1/cmr/m/n/10 the LED lights on the board
 []


Underfull \hbox (badness 2310) in paragraph at lines 786--786
[]|\OT1/cmr/m/n/10 Attempt to con-nect to VNC
 []


Underfull \hbox (badness 10000) in paragraph at lines 786--786
[]|\OT1/cmr/m/n/10 The ver-sion was
 []


Underfull \hbox (badness 10000) in paragraph at lines 786--786
\OT1/cmr/m/n/10 XXXXXXXXXX, which is
 []


Underfull \hbox (badness 1924) in paragraph at lines 786--786
[]|\OT1/cmr/m/n/10 The ver-sion was less than 3
 []


Underfull \hbox (badness 10000) in paragraph at lines 773--789

 []

[26]
(C:\Users\vi19DCall\AppData\Local\Programs\MiKTeX\tex/latex/listings\lstlang1.s
ty
File: lstlang1.sty 2020/03/24 1.8d listings language file
) [27]
Underfull \hbox (badness 10000) in paragraph at lines 864--878

 []

[28] [29] [30] [31] [32] [33] (document.bbl
Underfull \hbox (badness 5345) in paragraph at lines 29--34
[]\OT1/cmr/m/n/10 National Eye In-sti-tute.  \OT1/cmr/m/it/10 Types of colour b
lind-ness\OT1/cmr/m/n/10 .  []$\OT1/cmtt/m/n/10 https : / / www . nei . nih . g
ov / learn-[]about-[]eye-[]health /
 []

) [34] (document.lof)
\tf@lof=\write5
\openout5 = `document.lof'.

Package atveryend Info: Empty hook `BeforeClearDocument' on input line 950.
 [35]
Package atveryend Info: Empty hook `AfterLastShipout' on input line 950.
 (document.aux)
Package atveryend Info: Executing hook `AtVeryEndDocument' on input line 950.
Package atveryend Info: Executing hook `AtEndAfterFileList' on input line 950.
Package rerunfilecheck Info: File `document.out' has not changed.
(rerunfilecheck)             Checksum: 850C670671A893E5FC3E8D12940CD609;2330.


LaTeX Font Warning: Some font shapes were not available, defaults substituted.


LaTeX Warning: There were undefined references.

Package atveryend Info: Empty hook `AtVeryVeryEnd' on input line 950.
 ) 
Here is how much of TeX's memory you used:
 15402 strings out of 481199
 270233 string characters out of 2903719
 899651 words of memory out of 3000000
 30431 multiletter control sequences out of 15000+200000
 547213 words of font info for 76 fonts, out of 3000000 for 9000
 1141 hyphenation exceptions out of 8191
 43i,12n,46p,1197b,1315s stack positions out of 5000i,500n,10000p,200000b,50000s
 <C:\Users\vi19DCall\AppData\Local\MiKTeX\fonts/pk/ljfour/jknappen/ec/dpi600\
tcrm1000.pk><C:/Users/vi19DCall/AppData/Local/Programs/MiKTeX/fonts/type1/publi
c/amsfonts/cm/cmbx10.pfb><C:/Users/vi19DCall/AppData/Local/Programs/MiKTeX/font
s/type1/public/amsfonts/cm/cmbx12.pfb><C:/Users/vi19DCall/AppData/Local/Program
s/MiKTeX/fonts/type1/public/amsfonts/cm/cmbx7.pfb><C:/Users/vi19DCall/AppData/L
ocal/Programs/MiKTeX/fonts/type1/public/amsfonts/cm/cmbx8.pfb><C:/Users/vi19DCa
ll/AppData/Local/Programs/MiKTeX/fonts/type1/public/amsfonts/cm/cmbx9.pfb><C:/U
sers/vi19DCall/AppData/Local/Programs/MiKTeX/fonts/type1/public/amsfonts/cm/cmi
tt10.pfb><C:/Users/vi19DCall/AppData/Local/Programs/MiKTeX/fonts/type1/public/a
msfonts/cm/cmmi10.pfb><C:/Users/vi19DCall/AppData/Local/Programs/MiKTeX/fonts/t
ype1/public/amsfonts/cm/cmr10.pfb><C:/Users/vi19DCall/AppData/Local/Programs/Mi
KTeX/fonts/type1/public/amsfonts/cm/cmr6.pfb><C:/Users/vi19DCall/AppData/Local/
Programs/MiKTeX/fonts/type1/public/amsfonts/cm/cmr7.pfb><C:/Users/vi19DCall/App
Data/Local/Programs/MiKTeX/fonts/type1/public/amsfonts/cm/cmr8.pfb><C:/Users/vi
19DCall/AppData/Local/Programs/MiKTeX/fonts/type1/public/amsfonts/cm/cmr9.pfb><
C:/Users/vi19DCall/AppData/Local/Programs/MiKTeX/fonts/type1/public/amsfonts/cm
/cmsy10.pfb><C:/Users/vi19DCall/AppData/Local/Programs/MiKTeX/fonts/type1/publi
c/amsfonts/cm/cmsy9.pfb><C:/Users/vi19DCall/AppData/Local/Programs/MiKTeX/fonts
/type1/public/amsfonts/cm/cmti10.pfb><C:/Users/vi19DCall/AppData/Local/Programs
/MiKTeX/fonts/type1/public/amsfonts/cm/cmtt10.pfb><C:/Users/vi19DCall/AppData/L
ocal/Programs/MiKTeX/fonts/type1/public/amsfonts/cm/cmtt9.pfb>
Output written on document.pdf (36 pages, 1482336 bytes).
PDF statistics:
 749 PDF objects out of 1000 (max. 8388607)
 307 named destinations out of 1000 (max. 500000)
 298 words of extra memory for PDF output out of 10000 (max. 10000000)

